\BOOKMARK [1][-]{section.1}{Introduction}{}% 1
\BOOKMARK [2][-]{subsection.1.1}{Purpose and Scope}{section.1}% 2
\BOOKMARK [2][-]{subsection.1.2}{Project Executive Summary}{section.1}% 3
\BOOKMARK [3][-]{subsubsection.1.2.1}{System Overview}{subsection.1.2}% 4
\BOOKMARK [3][-]{subsubsection.1.2.2}{Design Constraints}{subsection.1.2}% 5
\BOOKMARK [3][-]{subsubsection.1.2.3}{Future Contingencies}{subsection.1.2}% 6
\BOOKMARK [2][-]{subsection.1.3}{Points of Contact}{section.1}% 7
\BOOKMARK [2][-]{subsection.1.4}{Project References}{section.1}% 8
\BOOKMARK [2][-]{subsection.1.5}{Glossary}{section.1}% 9
\BOOKMARK [3][-]{subsubsection.1.5.1}{System Specific Definitions}{subsection.1.5}% 10
\BOOKMARK [3][-]{subsubsection.1.5.2}{Technical Definitions}{subsection.1.5}% 11
\BOOKMARK [3][-]{subsubsection.1.5.3}{Industry Definitions}{subsection.1.5}% 12
\BOOKMARK [2][-]{subsection.1.6}{Document Organization}{section.1}% 13
\BOOKMARK [1][-]{section.2}{System Architecture}{}% 14
\BOOKMARK [2][-]{subsection.2.1}{System Hardware Architecture}{section.2}% 15
\BOOKMARK [2][-]{subsection.2.2}{System Software Architecture}{section.2}% 16
\BOOKMARK [2][-]{subsection.2.3}{Internal Communications Architecture}{section.2}% 17
\BOOKMARK [1][-]{section.3}{Human-Machine Interface}{}% 18
\BOOKMARK [2][-]{subsection.3.1}{Inputs}{section.3}% 19
\BOOKMARK [2][-]{subsection.3.2}{Outputs}{section.3}% 20
\BOOKMARK [1][-]{section.4}{Detailed Design}{}% 21
\BOOKMARK [2][-]{subsection.4.1}{Hardware Detailed Design}{section.4}% 22
\BOOKMARK [3][-]{subsubsection.4.1.1}{Raspberry Pi 2}{subsection.4.1}% 23
\BOOKMARK [3][-]{subsubsection.4.1.2}{Wi-Pi WLAN Module}{subsection.4.1}% 24
\BOOKMARK [3][-]{subsubsection.4.1.3}{Microphone}{subsection.4.1}% 25
\BOOKMARK [2][-]{subsection.4.2}{Software Detailed Design}{section.4}% 26
\BOOKMARK [1][-]{appendix.A}{Appendix}{}% 27
